[0605/104048.395:ERROR:process_info.cc(608)] range at 0xffa76000, size 0x230 fully unreadable
[0605/104048.399:ERROR:process_info.cc(608)] range at 0xffa7f000, size 0xf84 fully unreadable
[0605/104048.424:ERROR:process_info.cc(608)] range at 0xfe938000, size 0x230 fully unreadable
[0605/104048.428:ERROR:process_info.cc(608)] range at 0xfe93f000, size 0xf84 fully unreadable
[0605/163719.150:ERROR:process_info.cc(608)] range at 0xfeeeb000, size 0x230 fully unreadable
[0605/163719.153:ERROR:process_info.cc(608)] range at 0xfeeea000, size 0xf84 fully unreadable
[0605/200907.003:ERROR:process_info.cc(608)] range at 0xffdbf000, size 0x230 fully unreadable
[0605/200907.010:ERROR:process_info.cc(608)] range at 0xffdbe000, size 0xf84 fully unreadable
[0605/200907.059:ERROR:process_info.cc(608)] range at 0xfec1f000, size 0x230 fully unreadable
[0605/200907.062:ERROR:process_info.cc(608)] range at 0xfec1e000, size 0xf84 fully unreadable
[0605/200907.225:ERROR:process_reader_win.cc(142)] SuspendThread: 拒绝访问。 (0x5)
[0605/200907.226:ERROR:process_reader_win.cc(142)] SuspendThread: 拒绝访问。 (0x5)
[0605/200907.226:ERROR:process_reader_win.cc(142)] SuspendThread: 拒绝访问。 (0x5)
[0605/200907.226:ERROR:process_reader_win.cc(142)] SuspendThread: 拒绝访问。 (0x5)
[0605/200907.226:ERROR:process_reader_win.cc(142)] SuspendThread: 拒绝访问。 (0x5)
[0605/200907.226:ERROR:process_reader_win.cc(142)] SuspendThread: 拒绝访问。 (0x5)
[0605/200907.226:ERROR:exception_snapshot_win.cc(87)] thread ID 18104 not found in process
[0605/200907.226:WARNING:crash_report_exception_handler.cc(60)] ProcessSnapshotWin::Initialize failed
[0605/200907.228:ERROR:process_info.cc(330)] VirtualQueryEx: 拒绝访问。 (0x5)
[0605/200907.228:ERROR:process_info.cc(547)] ReadMemoryInfo failed
[0605/200907.228:ERROR:process_reader_win.cc(233)] ReadMemory at 0x58997598 of 12 bytes failed: 仅完成部分的 ReadProcessMemory 或 WriteProcessMemory 请求。 (0x12B)
[0605/200907.229:WARNING:process_snapshot_win.cc(68)] ReadMemory ExceptionInformation failed
[0605/200907.229:WARNING:crash_report_exception_handler.cc(60)] ProcessSnapshotWin::Initialize failed
[0605/200907.229:ERROR:scoped_process_suspend.cc(38)] NtResumeProcess: 已尝试访问正在退出的过程。  (0xc000010a)
[0605/200907.390:ERROR:process_info.cc(608)] range at 0xff1ca000, size 0x230 fully unreadable
[0605/200907.394:ERROR:process_info.cc(608)] range at 0xff1cf000, size 0xf84 fully unreadable
